# JRE version: OpenJDK Runtime Environment (8.0_131-b11) (build 1.8.0_131-b11)
# Java VM: OpenJDK 64-Bit Server VM (25.131-b11 mixed mode linux-amd64 compressed oops)
Heap:
 PSYoungGen      total 152576K, used 91387K [0x000000076d000000, 0x000000077bf00000, 0x00000007c0000000)
  eden space 136704K, 55% used [0x000000076d000000,0x00000007719c2440,0x0000000775580000)
  from space 15872K, 99% used [0x0000000775580000,0x00000007764fcb00,0x0000000776500000)
  to   space 20480K, 0% used [0x000000077ab00000,0x000000077ab00000,0x000000077bf00000)
 ParOldGen       total 167936K, used 22902K [0x00000006c7000000, 0x00000006d1400000, 0x000000076d000000)
  object space 167936K, 13% used [0x00000006c7000000,0x00000006c865da18,0x00000006d1400000)
 Metaspace       used 44435K, capacity 44644K, committed 45096K, reserved 1087488K
  class space    used 6008K, capacity 6062K, committed 6184K, reserved 1048576K
GC Heap History (10 events):
Event: 2.643 GC heap before
{Heap before GC invocations=5 (full 1):
 PSYoungGen      total 74752K, used 64512K [0x000000076d000000, 0x0000000776200000, 0x00000007c0000000)
  eden space 64512K, 100% used [0x000000076d000000,0x0000000770f00000,0x0000000770f00000)
  from space 10240K, 0% used [0x0000000770f00000,0x0000000770f00000,0x0000000771900000)
  to   space 10240K, 0% used [0x0000000775800000,0x0000000775800000,0x0000000776200000)
 ParOldGen       total 104960K, used 5912K [0x00000006c7000000, 0x00000006cd680000, 0x000000076d000000)
  object space 104960K, 5% used [0x00000006c7000000,0x00000006c75c6130,0x00000006cd680000)
 Metaspace       used 28320K, capacity 28484K, committed 28720K, reserved 1073152K
  class space    used 4024K, capacity 4098K, committed 4144K, reserved 1048576K
Event: 2.654 GC heap after
Heap after GC invocations=5 (full 1):
 PSYoungGen      total 102400K, used 8710K [0x000000076d000000, 0x0000000776100000, 0x00000007c0000000)
  eden space 93184K, 0% used [0x000000076d000000,0x000000076d000000,0x0000000772b00000)
  from space 9216K, 94% used [0x0000000775800000,0x0000000776081bc0,0x0000000776100000)
  to   space 10240K, 0% used [0x0000000774d00000,0x0000000774d00000,0x0000000775700000)
 ParOldGen       total 104960K, used 5920K [0x00000006c7000000, 0x00000006cd680000, 0x000000076d000000)
  object space 104960K, 5% used [0x00000006c7000000,0x00000006c75c8130,0x00000006cd680000)
 Metaspace       used 28320K, capacity 28484K, committed 28720K, reserved 1073152K
  class space    used 4024K, capacity 4098K, committed 4144K, reserved 1048576K
}
Event: 3.766 GC heap before
{Heap before GC invocations=6 (full 1):
 PSYoungGen      total 102400K, used 101894K [0x000000076d000000, 0x0000000776100000, 0x00000007c0000000)
  eden space 93184K, 100% used [0x000000076d000000,0x0000000772b00000,0x0000000772b00000)
  from space 9216K, 94% used [0x0000000775800000,0x0000000776081bc0,0x0000000776100000)
  to   space 10240K, 0% used [0x0000000774d00000,0x0000000774d00000,0x0000000775700000)
 ParOldGen       total 104960K, used 5920K [0x00000006c7000000, 0x00000006cd680000, 0x000000076d000000)
  object space 104960K, 5% used [0x00000006c7000000,0x00000006c75c8130,0x00000006cd680000)
 Metaspace       used 33940K, capacity 34116K, committed 34224K, reserved 1079296K
  class space    used 4675K, capacity 4738K, committed 4784K, reserved 1048576K
Event: 3.798 GC heap after
Heap after GC invocations=6 (full 1):
 PSYoungGen      total 138240K, used 10239K [0x000000076d000000, 0x0000000777380000, 0x00000007c0000000)
  eden space 128000K, 0% used [0x000000076d000000,0x000000076d000000,0x0000000774d00000)
  from space 10240K, 99% used [0x0000000774d00000,0x00000007756ffd20,0x0000000775700000)
  to   space 14848K, 0% used [0x0000000776500000,0x0000000776500000,0x0000000777380000)
 ParOldGen       total 104960K, used 10889K [0x00000006c7000000, 0x00000006cd680000, 0x000000076d000000)
  object space 104960K, 10% used [0x00000006c7000000,0x00000006c7aa2578,0x00000006cd680000)
 Metaspace       used 33940K, capacity 34116K, committed 34224K, reserved 1079296K
  class space    used 4675K, capacity 4738K, committed 4784K, reserved 1048576K
}
Event: 3.978 GC heap before
{Heap before GC invocations=7 (full 1):
 PSYoungGen      total 138240K, used 35246K [0x000000076d000000, 0x0000000777380000, 0x00000007c0000000)
  eden space 128000K, 19% used [0x000000076d000000,0x000000076e86bc20,0x0000000774d00000)
  from space 10240K, 99% used [0x0000000774d00000,0x00000007756ffd20,0x0000000775700000)
  to   space 14848K, 0% used [0x0000000776500000,0x0000000776500000,0x0000000777380000)
 ParOldGen       total 104960K, used 10889K [0x00000006c7000000, 0x00000006cd680000, 0x000000076d000000)
  object space 104960K, 10% used [0x00000006c7000000,0x00000006c7aa2578,0x00000006cd680000)
 Metaspace       used 35163K, capacity 35332K, committed 35496K, reserved 1079296K
  class space    used 4849K, capacity 4930K, committed 5032K, reserved 1048576K
Event: 3.989 GC heap after
Heap after GC invocations=7 (full 1):
 PSYoungGen      total 151552K, used 12500K [0x000000076d000000, 0x000000077b280000, 0x00000007c0000000)
  eden space 136704K, 0% used [0x000000076d000000,0x000000076d000000,0x0000000775580000)
  from space 14848K, 84% used [0x0000000776500000,0x00000007771353a8,0x0000000777380000)
  to   space 15872K, 0% used [0x0000000775580000,0x0000000775580000,0x0000000776500000)
 ParOldGen       total 104960K, used 10905K [0x00000006c7000000, 0x00000006cd680000, 0x000000076d000000)
  object space 104960K, 10% used [0x00000006c7000000,0x00000006c7aa6578,0x00000006cd680000)
 Metaspace       used 35163K, capacity 35332K, committed 35496K, reserved 1079296K
  class space    used 4849K, capacity 4930K, committed 5032K, reserved 1048576K
}
Event: 3.989 GC heap before
{Heap before GC invocations=8 (full 2):
 PSYoungGen      total 151552K, used 12500K [0x000000076d000000, 0x000000077b280000, 0x00000007c0000000)
  eden space 136704K, 0% used [0x000000076d000000,0x000000076d000000,0x0000000775580000)
  from space 14848K, 84% used [0x0000000776500000,0x00000007771353a8,0x0000000777380000)
  to   space 15872K, 0% used [0x0000000775580000,0x0000000775580000,0x0000000776500000)
 ParOldGen       total 104960K, used 10905K [0x00000006c7000000, 0x00000006cd680000, 0x000000076d000000)
  object space 104960K, 10% used [0x00000006c7000000,0x00000006c7aa6578,0x00000006cd680000)
 Metaspace       used 35163K, capacity 35332K, committed 35496K, reserved 1079296K
  class space    used 4849K, capacity 4930K, committed 5032K, reserved 1048576K
Event: 4.063 GC heap after
Heap after GC invocations=8 (full 2):
 PSYoungGen      total 151552K, used 0K [0x000000076d000000, 0x000000077b280000, 0x00000007c0000000)
  eden space 136704K, 0% used [0x000000076d000000,0x000000076d000000,0x0000000775580000)
  from space 14848K, 0% used [0x0000000776500000,0x0000000776500000,0x0000000777380000)
  to   space 15872K, 0% used [0x0000000775580000,0x0000000775580000,0x0000000776500000)
 ParOldGen       total 167936K, used 17962K [0x00000006c7000000, 0x00000006d1400000, 0x000000076d000000)
  object space 167936K, 10% used [0x00000006c7000000,0x00000006c818ab88,0x00000006d1400000)
 Metaspace       used 35163K, capacity 35332K, committed 35496K, reserved 1079296K
  class space    used 4849K, capacity 4930K, committed 5032K, reserved 1048576K
}
Event: 5.188 GC heap before
{Heap before GC invocations=9 (full 2):
 PSYoungGen      total 151552K, used 136704K [0x000000076d000000, 0x000000077b280000, 0x00000007c0000000)
  eden space 136704K, 100% used [0x000000076d000000,0x0000000775580000,0x0000000775580000)
  from space 14848K, 0% used [0x0000000776500000,0x0000000776500000,0x0000000777380000)
  to   space 15872K, 0% used [0x0000000775580000,0x0000000775580000,0x0000000776500000)
 ParOldGen       total 167936K, used 17962K [0x00000006c7000000, 0x00000006d1400000, 0x000000076d000000)
  object space 167936K, 10% used [0x00000006c7000000,0x00000006c818ab88,0x00000006d1400000)
 Metaspace       used 40940K, capacity 41122K, committed 41256K, reserved 1085440K
  class space    used 5583K, capacity 5639K, committed 5672K, reserved 1048576K
Event: 5.206 GC heap after
Heap after GC invocations=9 (full 2):
 PSYoungGen      total 152576K, used 15858K [0x000000076d000000, 0x000000077bf00000, 0x00000007c0000000)
  eden space 136704K, 0% used [0x000000076d000000,0x000000076d000000,0x0000000775580000)
  from space 15872K, 99% used [0x0000000775580000,0x00000007764fcb00,0x0000000776500000)
  to   space 20480K, 0% used [0x000000077ab00000,0x000000077ab00000,0x000000077bf00000)
 ParOldGen       total 167936K, used 22902K [0x00000006c7000000, 0x00000006d1400000, 0x000000076d000000)
  object space 167936K, 13% used [0x00000006c7000000,0x00000006c865da18,0x00000006d1400000)
 Metaspace       used 40940K, capacity 41122K, committed 41256K, reserved 1085440K
  class space    used 5583K, capacity 5639K, committed 5672K, reserved 1048576K
}

